<?xml version="1.0" encoding="UTF-8"?>
<testsuite xmlns:xsi="http://www.w3.org/2001/XMLSchema-instance" xsi:noNamespaceSchemaLocation="https://maven.apache.org/surefire/maven-surefire-plugin/xsd/surefire-test-report.xsd" name="org.example.AppTest" time="0.022" tests="1" errors="0" skipped="0" failures="0">
  <properties>
    <property name="gopherProxySet" value="false"/>
    <property name="awt.toolkit" value="sun.lwawt.macosx.LWCToolkit"/>
    <property name="file.encoding.pkg" value="sun.io"/>
    <property name="java.specification.version" value="1.8"/>
    <property name="sun.cpu.isalist" value=""/>
    <property name="sun.jnu.encoding" value="UTF-8"/>
    <property name="java.class.path" value="/Users/kefeng/IdeaProjects/hadoopHDFS/target/test-classes:/Users/kefeng/IdeaProjects/hadoopHDFS/target/classes:/Users/kefeng/.m2/repository/junit/junit/4.11/junit-4.11.jar:/Users/kefeng/.m2/repository/org/hamcrest/hamcrest-core/1.3/hamcrest-core-1.3.jar:/Users/kefeng/.m2/repository/org/apache/hadoop/hadoop-hdfs/3.1.4/hadoop-hdfs-3.1.4.jar:/Users/kefeng/.m2/repository/com/google/guava/guava/27.0-jre/guava-27.0-jre.jar:/Users/kefeng/.m2/repository/com/google/guava/failureaccess/1.0/failureaccess-1.0.jar:/Users/kefeng/.m2/repository/com/google/guava/listenablefuture/9999.0-empty-to-avoid-conflict-with-guava/listenablefuture-9999.0-empty-to-avoid-conflict-with-guava.jar:/Users/kefeng/.m2/repository/com/google/code/findbugs/jsr305/3.0.2/jsr305-3.0.2.jar:/Users/kefeng/.m2/repository/org/checkerframework/checker-qual/2.5.2/checker-qual-2.5.2.jar:/Users/kefeng/.m2/repository/com/google/errorprone/error_prone_annotations/2.2.0/error_prone_annotations-2.2.0.jar:/Users/kefeng/.m2/repository/com/google/j2objc/j2objc-annotations/1.1/j2objc-annotations-1.1.jar:/Users/kefeng/.m2/repository/org/codehaus/mojo/animal-sniffer-annotations/1.17/animal-sniffer-annotations-1.17.jar:/Users/kefeng/.m2/repository/org/eclipse/jetty/jetty-server/9.4.20.v20190813/jetty-server-9.4.20.v20190813.jar:/Users/kefeng/.m2/repository/org/eclipse/jetty/jetty-http/9.4.20.v20190813/jetty-http-9.4.20.v20190813.jar:/Users/kefeng/.m2/repository/org/eclipse/jetty/jetty-io/9.4.20.v20190813/jetty-io-9.4.20.v20190813.jar:/Users/kefeng/.m2/repository/org/eclipse/jetty/jetty-util/9.4.20.v20190813/jetty-util-9.4.20.v20190813.jar:/Users/kefeng/.m2/repository/org/eclipse/jetty/jetty-util-ajax/9.4.20.v20190813/jetty-util-ajax-9.4.20.v20190813.jar:/Users/kefeng/.m2/repository/com/sun/jersey/jersey-core/1.19/jersey-core-1.19.jar:/Users/kefeng/.m2/repository/javax/ws/rs/jsr311-api/1.1.1/jsr311-api-1.1.1.jar:/Users/kefeng/.m2/repository/com/sun/jersey/jersey-server/1.19/jersey-server-1.19.jar:/Users/kefeng/.m2/repository/commons-cli/commons-cli/1.2/commons-cli-1.2.jar:/Users/kefeng/.m2/repository/commons-codec/commons-codec/1.11/commons-codec-1.11.jar:/Users/kefeng/.m2/repository/commons-io/commons-io/2.5/commons-io-2.5.jar:/Users/kefeng/.m2/repository/commons-lang/commons-lang/2.6/commons-lang-2.6.jar:/Users/kefeng/.m2/repository/commons-logging/commons-logging/1.1.3/commons-logging-1.1.3.jar:/Users/kefeng/.m2/repository/commons-daemon/commons-daemon/1.0.13/commons-daemon-1.0.13.jar:/Users/kefeng/.m2/repository/log4j/log4j/1.2.17/log4j-1.2.17.jar:/Users/kefeng/.m2/repository/com/google/protobuf/protobuf-java/2.5.0/protobuf-java-2.5.0.jar:/Users/kefeng/.m2/repository/javax/servlet/javax.servlet-api/3.1.0/javax.servlet-api-3.1.0.jar:/Users/kefeng/.m2/repository/io/netty/netty/3.10.6.Final/netty-3.10.6.Final.jar:/Users/kefeng/.m2/repository/io/netty/netty-all/4.1.48.Final/netty-all-4.1.48.Final.jar:/Users/kefeng/.m2/repository/org/apache/htrace/htrace-core4/4.1.0-incubating/htrace-core4-4.1.0-incubating.jar:/Users/kefeng/.m2/repository/org/fusesource/leveldbjni/leveldbjni-all/1.8/leveldbjni-all-1.8.jar:/Users/kefeng/.m2/repository/com/fasterxml/jackson/core/jackson-databind/2.9.10.4/jackson-databind-2.9.10.4.jar:/Users/kefeng/.m2/repository/com/fasterxml/jackson/core/jackson-annotations/2.9.10/jackson-annotations-2.9.10.jar:/Users/kefeng/.m2/repository/com/fasterxml/jackson/core/jackson-core/2.9.10/jackson-core-2.9.10.jar:/Users/kefeng/.m2/repository/org/apache/hadoop/hadoop-core/1.2.1/hadoop-core-1.2.1.jar:/Users/kefeng/.m2/repository/xmlenc/xmlenc/0.52/xmlenc-0.52.jar:/Users/kefeng/.m2/repository/com/sun/jersey/jersey-json/1.8/jersey-json-1.8.jar:/Users/kefeng/.m2/repository/org/codehaus/jettison/jettison/1.1/jettison-1.1.jar:/Users/kefeng/.m2/repository/stax/stax-api/1.0.1/stax-api-1.0.1.jar:/Users/kefeng/.m2/repository/com/sun/xml/bind/jaxb-impl/2.2.3-1/jaxb-impl-2.2.3-1.jar:/Users/kefeng/.m2/repository/javax/xml/bind/jaxb-api/2.2.2/jaxb-api-2.2.2.jar:/Users/kefeng/.m2/repository/javax/xml/stream/stax-api/1.0-2/stax-api-1.0-2.jar:/Users/kefeng/.m2/repository/javax/activation/activation/1.1/activation-1.1.jar:/Users/kefeng/.m2/repository/org/codehaus/jackson/jackson-core-asl/1.7.1/jackson-core-asl-1.7.1.jar:/Users/kefeng/.m2/repository/org/codehaus/jackson/jackson-jaxrs/1.7.1/jackson-jaxrs-1.7.1.jar:/Users/kefeng/.m2/repository/org/codehaus/jackson/jackson-xc/1.7.1/jackson-xc-1.7.1.jar:/Users/kefeng/.m2/repository/commons-httpclient/commons-httpclient/3.0.1/commons-httpclient-3.0.1.jar:/Users/kefeng/.m2/repository/org/apache/commons/commons-math/2.1/commons-math-2.1.jar:/Users/kefeng/.m2/repository/commons-configuration/commons-configuration/1.6/commons-configuration-1.6.jar:/Users/kefeng/.m2/repository/commons-collections/commons-collections/3.2.1/commons-collections-3.2.1.jar:/Users/kefeng/.m2/repository/commons-digester/commons-digester/1.8/commons-digester-1.8.jar:/Users/kefeng/.m2/repository/commons-beanutils/commons-beanutils/1.7.0/commons-beanutils-1.7.0.jar:/Users/kefeng/.m2/repository/commons-beanutils/commons-beanutils-core/1.8.0/commons-beanutils-core-1.8.0.jar:/Users/kefeng/.m2/repository/commons-net/commons-net/1.4.1/commons-net-1.4.1.jar:/Users/kefeng/.m2/repository/org/mortbay/jetty/jetty/6.1.26/jetty-6.1.26.jar:/Users/kefeng/.m2/repository/org/mortbay/jetty/servlet-api/2.5-20081211/servlet-api-2.5-20081211.jar:/Users/kefeng/.m2/repository/org/mortbay/jetty/jetty-util/6.1.26/jetty-util-6.1.26.jar:/Users/kefeng/.m2/repository/tomcat/jasper-runtime/5.5.12/jasper-runtime-5.5.12.jar:/Users/kefeng/.m2/repository/tomcat/jasper-compiler/5.5.12/jasper-compiler-5.5.12.jar:/Users/kefeng/.m2/repository/org/mortbay/jetty/jsp-api-2.1/6.1.14/jsp-api-2.1-6.1.14.jar:/Users/kefeng/.m2/repository/org/mortbay/jetty/servlet-api-2.5/6.1.14/servlet-api-2.5-6.1.14.jar:/Users/kefeng/.m2/repository/org/mortbay/jetty/jsp-2.1/6.1.14/jsp-2.1-6.1.14.jar:/Users/kefeng/.m2/repository/ant/ant/1.6.5/ant-1.6.5.jar:/Users/kefeng/.m2/repository/commons-el/commons-el/1.0/commons-el-1.0.jar:/Users/kefeng/.m2/repository/net/java/dev/jets3t/jets3t/0.6.1/jets3t-0.6.1.jar:/Users/kefeng/.m2/repository/hsqldb/hsqldb/1.8.0.10/hsqldb-1.8.0.10.jar:/Users/kefeng/.m2/repository/oro/oro/2.0.8/oro-2.0.8.jar:/Users/kefeng/.m2/repository/org/eclipse/jdt/core/3.1.1/core-3.1.1.jar:/Users/kefeng/.m2/repository/org/codehaus/jackson/jackson-mapper-asl/1.8.8/jackson-mapper-asl-1.8.8.jar:"/>
    <property name="java.vm.vendor" value="Amazon.com Inc."/>
    <property name="sun.arch.data.model" value="64"/>
    <property name="java.vendor.url" value="https://aws.amazon.com/corretto/"/>
    <property name="user.timezone" value=""/>
    <property name="java.vm.specification.version" value="1.8"/>
    <property name="os.name" value="Mac OS X"/>
    <property name="user.country" value="CN"/>
    <property name="sun.java.launcher" value="SUN_STANDARD"/>
    <property name="sun.boot.library.path" value="/Users/kefeng/Library/Java/JavaVirtualMachines/corretto-1.8.0_252-1/Contents/Home/jre/lib"/>
    <property name="sun.java.command" value="/Users/kefeng/IdeaProjects/hadoopHDFS/target/surefire/surefirebooter5129794164309304295.jar /Users/kefeng/IdeaProjects/hadoopHDFS/target/surefire 2021-03-13T15-53-22_891-jvmRun1 surefire5891688816833687805tmp surefire_06921560013202613796tmp"/>
    <property name="surefire.test.class.path" value="/Users/kefeng/IdeaProjects/hadoopHDFS/target/test-classes:/Users/kefeng/IdeaProjects/hadoopHDFS/target/classes:/Users/kefeng/.m2/repository/junit/junit/4.11/junit-4.11.jar:/Users/kefeng/.m2/repository/org/hamcrest/hamcrest-core/1.3/hamcrest-core-1.3.jar:/Users/kefeng/.m2/repository/org/apache/hadoop/hadoop-hdfs/3.1.4/hadoop-hdfs-3.1.4.jar:/Users/kefeng/.m2/repository/com/google/guava/guava/27.0-jre/guava-27.0-jre.jar:/Users/kefeng/.m2/repository/com/google/guava/failureaccess/1.0/failureaccess-1.0.jar:/Users/kefeng/.m2/repository/com/google/guava/listenablefuture/9999.0-empty-to-avoid-conflict-with-guava/listenablefuture-9999.0-empty-to-avoid-conflict-with-guava.jar:/Users/kefeng/.m2/repository/com/google/code/findbugs/jsr305/3.0.2/jsr305-3.0.2.jar:/Users/kefeng/.m2/repository/org/checkerframework/checker-qual/2.5.2/checker-qual-2.5.2.jar:/Users/kefeng/.m2/repository/com/google/errorprone/error_prone_annotations/2.2.0/error_prone_annotations-2.2.0.jar:/Users/kefeng/.m2/repository/com/google/j2objc/j2objc-annotations/1.1/j2objc-annotations-1.1.jar:/Users/kefeng/.m2/repository/org/codehaus/mojo/animal-sniffer-annotations/1.17/animal-sniffer-annotations-1.17.jar:/Users/kefeng/.m2/repository/org/eclipse/jetty/jetty-server/9.4.20.v20190813/jetty-server-9.4.20.v20190813.jar:/Users/kefeng/.m2/repository/org/eclipse/jetty/jetty-http/9.4.20.v20190813/jetty-http-9.4.20.v20190813.jar:/Users/kefeng/.m2/repository/org/eclipse/jetty/jetty-io/9.4.20.v20190813/jetty-io-9.4.20.v20190813.jar:/Users/kefeng/.m2/repository/org/eclipse/jetty/jetty-util/9.4.20.v20190813/jetty-util-9.4.20.v20190813.jar:/Users/kefeng/.m2/repository/org/eclipse/jetty/jetty-util-ajax/9.4.20.v20190813/jetty-util-ajax-9.4.20.v20190813.jar:/Users/kefeng/.m2/repository/com/sun/jersey/jersey-core/1.19/jersey-core-1.19.jar:/Users/kefeng/.m2/repository/javax/ws/rs/jsr311-api/1.1.1/jsr311-api-1.1.1.jar:/Users/kefeng/.m2/repository/com/sun/jersey/jersey-server/1.19/jersey-server-1.19.jar:/Users/kefeng/.m2/repository/commons-cli/commons-cli/1.2/commons-cli-1.2.jar:/Users/kefeng/.m2/repository/commons-codec/commons-codec/1.11/commons-codec-1.11.jar:/Users/kefeng/.m2/repository/commons-io/commons-io/2.5/commons-io-2.5.jar:/Users/kefeng/.m2/repository/commons-lang/commons-lang/2.6/commons-lang-2.6.jar:/Users/kefeng/.m2/repository/commons-logging/commons-logging/1.1.3/commons-logging-1.1.3.jar:/Users/kefeng/.m2/repository/commons-daemon/commons-daemon/1.0.13/commons-daemon-1.0.13.jar:/Users/kefeng/.m2/repository/log4j/log4j/1.2.17/log4j-1.2.17.jar:/Users/kefeng/.m2/repository/com/google/protobuf/protobuf-java/2.5.0/protobuf-java-2.5.0.jar:/Users/kefeng/.m2/repository/javax/servlet/javax.servlet-api/3.1.0/javax.servlet-api-3.1.0.jar:/Users/kefeng/.m2/repository/io/netty/netty/3.10.6.Final/netty-3.10.6.Final.jar:/Users/kefeng/.m2/repository/io/netty/netty-all/4.1.48.Final/netty-all-4.1.48.Final.jar:/Users/kefeng/.m2/repository/org/apache/htrace/htrace-core4/4.1.0-incubating/htrace-core4-4.1.0-incubating.jar:/Users/kefeng/.m2/repository/org/fusesource/leveldbjni/leveldbjni-all/1.8/leveldbjni-all-1.8.jar:/Users/kefeng/.m2/repository/com/fasterxml/jackson/core/jackson-databind/2.9.10.4/jackson-databind-2.9.10.4.jar:/Users/kefeng/.m2/repository/com/fasterxml/jackson/core/jackson-annotations/2.9.10/jackson-annotations-2.9.10.jar:/Users/kefeng/.m2/repository/com/fasterxml/jackson/core/jackson-core/2.9.10/jackson-core-2.9.10.jar:/Users/kefeng/.m2/repository/org/apache/hadoop/hadoop-core/1.2.1/hadoop-core-1.2.1.jar:/Users/kefeng/.m2/repository/xmlenc/xmlenc/0.52/xmlenc-0.52.jar:/Users/kefeng/.m2/repository/com/sun/jersey/jersey-json/1.8/jersey-json-1.8.jar:/Users/kefeng/.m2/repository/org/codehaus/jettison/jettison/1.1/jettison-1.1.jar:/Users/kefeng/.m2/repository/stax/stax-api/1.0.1/stax-api-1.0.1.jar:/Users/kefeng/.m2/repository/com/sun/xml/bind/jaxb-impl/2.2.3-1/jaxb-impl-2.2.3-1.jar:/Users/kefeng/.m2/repository/javax/xml/bind/jaxb-api/2.2.2/jaxb-api-2.2.2.jar:/Users/kefeng/.m2/repository/javax/xml/stream/stax-api/1.0-2/stax-api-1.0-2.jar:/Users/kefeng/.m2/repository/javax/activation/activation/1.1/activation-1.1.jar:/Users/kefeng/.m2/repository/org/codehaus/jackson/jackson-core-asl/1.7.1/jackson-core-asl-1.7.1.jar:/Users/kefeng/.m2/repository/org/codehaus/jackson/jackson-jaxrs/1.7.1/jackson-jaxrs-1.7.1.jar:/Users/kefeng/.m2/repository/org/codehaus/jackson/jackson-xc/1.7.1/jackson-xc-1.7.1.jar:/Users/kefeng/.m2/repository/commons-httpclient/commons-httpclient/3.0.1/commons-httpclient-3.0.1.jar:/Users/kefeng/.m2/repository/org/apache/commons/commons-math/2.1/commons-math-2.1.jar:/Users/kefeng/.m2/repository/commons-configuration/commons-configuration/1.6/commons-configuration-1.6.jar:/Users/kefeng/.m2/repository/commons-collections/commons-collections/3.2.1/commons-collections-3.2.1.jar:/Users/kefeng/.m2/repository/commons-digester/commons-digester/1.8/commons-digester-1.8.jar:/Users/kefeng/.m2/repository/commons-beanutils/commons-beanutils/1.7.0/commons-beanutils-1.7.0.jar:/Users/kefeng/.m2/repository/commons-beanutils/commons-beanutils-core/1.8.0/commons-beanutils-core-1.8.0.jar:/Users/kefeng/.m2/repository/commons-net/commons-net/1.4.1/commons-net-1.4.1.jar:/Users/kefeng/.m2/repository/org/mortbay/jetty/jetty/6.1.26/jetty-6.1.26.jar:/Users/kefeng/.m2/repository/org/mortbay/jetty/servlet-api/2.5-20081211/servlet-api-2.5-20081211.jar:/Users/kefeng/.m2/repository/org/mortbay/jetty/jetty-util/6.1.26/jetty-util-6.1.26.jar:/Users/kefeng/.m2/repository/tomcat/jasper-runtime/5.5.12/jasper-runtime-5.5.12.jar:/Users/kefeng/.m2/repository/tomcat/jasper-compiler/5.5.12/jasper-compiler-5.5.12.jar:/Users/kefeng/.m2/repository/org/mortbay/jetty/jsp-api-2.1/6.1.14/jsp-api-2.1-6.1.14.jar:/Users/kefeng/.m2/repository/org/mortbay/jetty/servlet-api-2.5/6.1.14/servlet-api-2.5-6.1.14.jar:/Users/kefeng/.m2/repository/org/mortbay/jetty/jsp-2.1/6.1.14/jsp-2.1-6.1.14.jar:/Users/kefeng/.m2/repository/ant/ant/1.6.5/ant-1.6.5.jar:/Users/kefeng/.m2/repository/commons-el/commons-el/1.0/commons-el-1.0.jar:/Users/kefeng/.m2/repository/net/java/dev/jets3t/jets3t/0.6.1/jets3t-0.6.1.jar:/Users/kefeng/.m2/repository/hsqldb/hsqldb/1.8.0.10/hsqldb-1.8.0.10.jar:/Users/kefeng/.m2/repository/oro/oro/2.0.8/oro-2.0.8.jar:/Users/kefeng/.m2/repository/org/eclipse/jdt/core/3.1.1/core-3.1.1.jar:/Users/kefeng/.m2/repository/org/codehaus/jackson/jackson-mapper-asl/1.8.8/jackson-mapper-asl-1.8.8.jar:"/>
    <property name="sun.cpu.endian" value="little"/>
    <property name="user.home" value="/Users/kefeng"/>
    <property name="user.language" value="zh"/>
    <property name="java.specification.vendor" value="Oracle Corporation"/>
    <property name="java.home" value="/Users/kefeng/Library/Java/JavaVirtualMachines/corretto-1.8.0_252-1/Contents/Home/jre"/>
    <property name="basedir" value="/Users/kefeng/IdeaProjects/hadoopHDFS"/>
    <property name="file.separator" value="/"/>
    <property name="line.separator" value="&#10;"/>
    <property name="java.vm.specification.vendor" value="Oracle Corporation"/>
    <property name="java.specification.name" value="Java Platform API Specification"/>
    <property name="java.awt.graphicsenv" value="sun.awt.CGraphicsEnvironment"/>
    <property name="idea.version2020.1.1" value="true"/>
    <property name="surefire.real.class.path" value="/Users/kefeng/IdeaProjects/hadoopHDFS/target/surefire/surefirebooter5129794164309304295.jar"/>
    <property name="sun.boot.class.path" value="/Users/kefeng/Library/Java/JavaVirtualMachines/corretto-1.8.0_252-1/Contents/Home/jre/lib/resources.jar:/Users/kefeng/Library/Java/JavaVirtualMachines/corretto-1.8.0_252-1/Contents/Home/jre/lib/rt.jar:/Users/kefeng/Library/Java/JavaVirtualMachines/corretto-1.8.0_252-1/Contents/Home/jre/lib/sunrsasign.jar:/Users/kefeng/Library/Java/JavaVirtualMachines/corretto-1.8.0_252-1/Contents/Home/jre/lib/jsse.jar:/Users/kefeng/Library/Java/JavaVirtualMachines/corretto-1.8.0_252-1/Contents/Home/jre/lib/jce.jar:/Users/kefeng/Library/Java/JavaVirtualMachines/corretto-1.8.0_252-1/Contents/Home/jre/lib/charsets.jar:/Users/kefeng/Library/Java/JavaVirtualMachines/corretto-1.8.0_252-1/Contents/Home/jre/lib/jfr.jar:/Users/kefeng/Library/Java/JavaVirtualMachines/corretto-1.8.0_252-1/Contents/Home/jre/classes"/>
    <property name="sun.management.compiler" value="HotSpot 64-Bit Tiered Compilers"/>
    <property name="java.runtime.version" value="1.8.0_252-b09"/>
    <property name="user.name" value="kefeng"/>
    <property name="path.separator" value=":"/>
    <property name="os.version" value="10.16"/>
    <property name="java.endorsed.dirs" value="/Users/kefeng/Library/Java/JavaVirtualMachines/corretto-1.8.0_252-1/Contents/Home/jre/lib/endorsed"/>
    <property name="java.runtime.name" value="OpenJDK Runtime Environment"/>
    <property name="file.encoding" value="UTF-8"/>
    <property name="java.vm.name" value="OpenJDK 64-Bit Server VM"/>
    <property name="localRepository" value="/Users/kefeng/.m2/repository"/>
    <property name="java.vendor.url.bug" value="https://github.com/corretto/corretto-8/issues/"/>
    <property name="java.io.tmpdir" value="/var/folders/8t/9dmmtbsn4x70vk0tgtxl0hkh0000gn/T/"/>
    <property name="java.version" value="1.8.0_252"/>
    <property name="user.dir" value="/Users/kefeng/IdeaProjects/hadoopHDFS"/>
    <property name="os.arch" value="x86_64"/>
    <property name="java.vm.specification.name" value="Java Virtual Machine Specification"/>
    <property name="java.awt.printerjob" value="sun.lwawt.macosx.CPrinterJob"/>
    <property name="sun.os.patch.level" value="unknown"/>
    <property name="java.library.path" value="/Users/kefeng/Library/Java/Extensions:/Library/Java/Extensions:/Network/Library/Java/Extensions:/System/Library/Java/Extensions:/usr/lib/java:."/>
    <property name="java.vm.info" value="mixed mode"/>
    <property name="java.vendor" value="Amazon.com Inc."/>
    <property name="java.vm.version" value="25.252-b09"/>
    <property name="java.ext.dirs" value="/Users/kefeng/Library/Java/Extensions:/Users/kefeng/Library/Java/JavaVirtualMachines/corretto-1.8.0_252-1/Contents/Home/jre/lib/ext:/Library/Java/Extensions:/Network/Library/Java/Extensions:/System/Library/Java/Extensions:/usr/lib/java"/>
    <property name="sun.io.unicode.encoding" value="UnicodeBig"/>
    <property name="java.class.version" value="52.0"/>
  </properties>
  <testcase name="shouldAnswerWithTrue" classname="org.example.AppTest" time="0.001"/>
</testsuite>